============================= test session starts =============================
platform win32 -- Python 3.12.10, pytest-7.4.3, pluggy-1.6.0 -- C:\Users\vongb\AppData\Local\Programs\Python\Python312\python.exe
cachedir: .pytest_cache
rootdir: C:\Users\vongb\Downloads\Computational-Thinhking\Computational-Thinhking\Smart_Travelling\BE
configfile: pytest.ini
plugins: anyio-4.11.0, asyncio-0.21.1
asyncio: mode=Mode.STRICT
collecting ... collected 25 items

tests/test_trip_recommend.py::test_trip_service_direct 

================================================================================
  TRIP SERVICE - GỌI TRỰC TIẾP SERVICE VÀ HIỂN THỊ ĐẦY ĐỦ LỊCH TRÌNH
================================================================================

📥 INPUT:
────────────────────────────────────────────────────────────
   City: Hồ Chí Minh
   Start Date: 2025-12-09
   Num Days: 1

📤 OUTPUT (Lịch trình từ Trip Service):
────────────────────────────────────────────────────────────

📅 TỔNG SỐ NGÀY: 1

━━━━━━━━━━━━━━━━━━━━━━━━━━━━━━━━━━━━━━━━━━━━━━━━━━━━━━━━━━━━━━━━━━━━━━━━━━━━━━━━
📆 NGÀY 1: 2025-12-09 - Hồ Chí Minh
━━━━━━━━━━━━━━━━━━━━━━━━━━━━━━━━━━━━━━━━━━━━━━━━━━━━━━━━━━━━━━━━━━━━━━━━━━━━━━━━

   🕐 MORNING (3 hoạt động):
   --------------------------------------------------
      [1] VISIT: Phố đi bộ Nguyễn Huệ
          ⏰ Thời gian: 08:00 - 09:00 (60 phút)
          📍 Khoảng cách: 0.0 km | 🚗 Di chuyển: 0 phút
      [2] VISIT: Bến Nhà Rồng - Bảo tàng Hồ Chí Minh
          ⏰ Thời gian: 09:09 - 09:24 (15 phút)
          📍 Khoảng cách: 0.72 km | 🚗 Di chuyển: 9 phút
          💰 Giá: 20,000 VND
      [3] VISIT: Bitexco Tower
          ⏰ Thời gian: 09:30 - 11:00 (90 phút)
          📍 Khoảng cách: 0.48 km | 🚗 Di chuyển: 6 phút
          💰 Giá: 200,000 VND

   🕐 LUNCH (1 hoạt động):
   --------------------------------------------------
      [1] EAT: Nhà Hàng Lúa Đại Việt
          ⏰ Thời gian: 11:45 - 12:45 (60 phút)
          📍 Khoảng cách: 1.24 km | 🚗 Di chuyển: 15 phút
          💰 Giá: 400,000 VND

   🕐 AFTERNOON (2 hoạt động):
   --------------------------------------------------
      [1] VISIT: Bảo tàng Mỹ thuật
          ⏰ Thời gian: 13:38 - 16:08 (150 phút)
          📍 Khoảng cách: 0.65 km | 🚗 Di chuyển: 8 phút
          💰 Giá: 30,000 VND
      [2] VISIT: Chợ Bến Thành
          ⏰ Thời gian: 16:12 - 16:42 (30 phút)
          📍 Khoảng cách: 0.31 km | 🚗 Di chuyển: 4 phút

   🕐 DINNER (1 hoạt động):
   --------------------------------------------------
      [1] EAT: Hoang Tam
          ⏰ Thời gian: 18:22 - 19:22 (60 phút)
          📍 Khoảng cách: 1.82 km | 🚗 Di chuyển: 22 phút
          💰 Giá: 500,000 VND

   🕐 EVENING (1 hoạt động):
   --------------------------------------------------
      [1] VISIT: Nhà hát Thành phố
          ⏰ Thời gian: 20:00 - 20:30 (30 phút)
          📍 Khoảng cách: 2.52 km | 🚗 Di chuyển: 30 phút
          💰 Giá: 700,000 VND

   💵 TỔNG CHI PHÍ NGÀY 1: 1,850,000 VND

================================================================================
📊 TỔNG SỐ ĐỊA ĐIỂM TRONG LỊCH TRÌNH: 8
================================================================================

✅ EXPECTED: Có lịch trình với địa điểm được gợi ý
PASSED
tests/test_trip_recommend.py::test_normal_case_valid_city_1_day 

┌──────────────────────────────────────────────────────────────────────────────┐
│ NORMAL CASE                                                                  │
├──────────────────────────────────────────────────────────────────────────────┤
│ Test: Request hợp lệ với Hồ Chí Minh, 1 ngày                                 │
├──────────────────────────────────────────────────────────────────────────────┤
│ 📥 INPUT:                                                                    │
│    {"city": "Hồ Chí Minh", "start_date": "2025-12-09", "num_days": 1, "mo   │
│    rning": {"enabled": true, "start": "08:00:00", "end": "11:00:00"}, "lu   │
│    nch": {"enabled": true, "start": "11:30:00", "end": "13:00:00"}, "afte   │
│    rnoon": {"enabled": true, "start": "13:30:00", "end": "17:00:00"}, "di   │
│    nner": {"enabled": true, "start": "18:00:00", "end": "19:30:00"}, "eve   │
│    ning": {"enabled": true, "start": "19:30:00", "end": "22:00:00"}}        │
├──────────────────────────────────────────────────────────────────────────────┤
│ 📤 OUTPUT:                                                                   │
│    Status Code: 200                                                         │
│    Số ngày trả về: 1                                                         │
│    morning: 3 địa điểm                                                       │
│    lunch: 1 địa điểm                                                         │
│    afternoon: 2 địa điểm                                                     │
│    evening: 1 địa điểm                                                       │
├──────────────────────────────────────────────────────────────────────────────┤
│ ✅ EXPECTED:                                                                 │
│    Status 200, trả về 1 ngày lịch trình                                     │
│ 📊 ACTUAL:                                                                   │
│    Status 200, có 1 ngày                                                    │
└──────────────────────────────────────────────────────────────────────────────┘

============================================================
📋 CHI TIẾT LỊCH TRÌNH:
============================================================

    📅 NGÀY 1: 2025-12-09 - Hồ Chí Minh
    ────────────────────────────────────────────────────────────

      🕐 MORNING (3 hoạt động):
         [1] VISIT: Phố đi bộ Nguyễn Huệ
             ⏰ 08:00 - 09:00 (60 phút)
         [2] VISIT: Bến Nhà Rồng - Bảo tàng Hồ Chí Minh
             ⏰ 09:09 - 09:24 (15 phút)
             💰 20,000 VND
         [3] VISIT: Bitexco Tower
             ⏰ 09:30 - 11:00 (90 phút)
             💰 200,000 VND

      🕐 LUNCH (1 hoạt động):
         [1] EAT: Cơm Tấm Múc - Vietnamese Broken Rice Restaurant
             ⏰ 12:00 - 13:00 (60 phút)
             💰 100,000 VND

      🕐 AFTERNOON (2 hoạt động):
         [1] VISIT: Bảo tàng Mỹ thuật
             ⏰ 13:54 - 16:24 (150 phút)
             💰 30,000 VND
         [2] VISIT: Chợ Bến Thành
             ⏰ 16:28 - 16:58 (30 phút)

      🕐 DINNER: (trống)

      🕐 EVENING (1 hoạt động):
         [1] VISIT: Nhà hát Thành phố
             ⏰ 20:03 - 20:33 (30 phút)
             💰 700,000 VND

      💵 Chi phí: 1,050,000 VND

    📊 TỔNG SỐ ĐỊA ĐIỂM: 7
PASSED
tests/test_trip_recommend.py::test_normal_case_with_preferred_tags 

┌──────────────────────────────────────────────────────────────────────────────┐
│ NORMAL CASE                                                                  │
├──────────────────────────────────────────────────────────────────────────────┤
│ Test: Request với preferred_tags=['Văn hóa', 'Lịch sử']                      │
├──────────────────────────────────────────────────────────────────────────────┤
│ 📥 INPUT:                                                                    │
│    {"city": "Hồ Chí Minh", "start_date": "2025-12-09", "num_days": 1, "mo   │
│    rning": {"enabled": true, "start": "08:00:00", "end": "11:00:00"}, "lu   │
│    nch": {"enabled": true, "start": "11:30:00", "end": "13:00:00"}, "afte   │
│    rnoon": {"enabled": true, "start": "13:30:00", "end": "17:00:00"}, "di   │
│    nner": {"enabled": true, "start": "18:00:00", "end": "19:30:00"}, "eve   │
│    ning": {"enabled": true, "start": "19:30:00", "end": "22:00:00"}, "pre   │
│    ferred_tags": []}                                                        │
├──────────────────────────────────────────────────────────────────────────────┤
│ 📤 OUTPUT:                                                                   │
│    Status Code: 200                                                         │
│    Số ngày trả về: 1                                                         │
│    morning: 3 địa điểm                                                       │
│    lunch: 1 địa điểm                                                         │
│    afternoon: 2 địa điểm                                                     │
│    dinner: 1 địa điểm                                                        │
│    evening: 1 địa điểm                                                       │
├──────────────────────────────────────────────────────────────────────────────┤
│ ✅ EXPECTED:                                                                 │
│    Status 200, ưu tiên địa điểm văn hóa/lịch sử                             │
│ 📊 ACTUAL:                                                                   │
│    Status 200                                                               │
└──────────────────────────────────────────────────────────────────────────────┘

============================================================
📋 CHI TIẾT LỊCH TRÌNH (với preferred_tags):
============================================================

    📅 NGÀY 1: 2025-12-09 - Hồ Chí Minh
    ────────────────────────────────────────────────────────────

      🕐 MORNING (3 hoạt động):
         [1] VISIT: Phố đi bộ Nguyễn Huệ
             ⏰ 08:00 - 09:00 (60 phút)
         [2] VISIT: Bến Nhà Rồng - Bảo tàng Hồ Chí Minh
             ⏰ 09:09 - 09:24 (15 phút)
             💰 20,000 VND
         [3] VISIT: Bitexco Tower
             ⏰ 09:30 - 11:00 (90 phút)
             💰 200,000 VND

      🕐 LUNCH (1 hoạt động):
         [1] EAT: Tửu Lầu 13
             ⏰ 11:52 - 12:52 (60 phút)
             💰 500,000 VND

      🕐 AFTERNOON (2 hoạt động):
         [1] VISIT: Bảo tàng Mỹ thuật
             ⏰ 13:45 - 16:15 (150 phút)
             💰 30,000 VND
         [2] VISIT: Chợ Bến Thành
             ⏰ 16:19 - 16:49 (30 phút)

      🕐 DINNER (1 hoạt động):
         [1] EAT: Thai Market
             ⏰ 18:23 - 19:23 (60 phút)
             💰 500,000 VND

      🕐 EVENING (1 hoạt động):
         [1] VISIT: Nhà hát Thành phố
             ⏰ 20:00 - 20:30 (30 phút)
             💰 700,000 VND

      💵 Chi phí: 1,950,000 VND

    📊 TỔNG SỐ ĐỊA ĐIỂM: 8
PASSED
tests/test_trip_recommend.py::test_boundary_case_num_days_1 

┌──────────────────────────────────────────────────────────────────────────────┐
│ BOUNDARY CASE - N = 1 (MIN)                                                  │
├──────────────────────────────────────────────────────────────────────────────┤
│ Test: num_days = 1 (giá trị tối thiểu)                                       │
├──────────────────────────────────────────────────────────────────────────────┤
│ 📥 INPUT:                                                                    │
│    {"city": "Hồ Chí Minh", "start_date": "2025-12-09", "num_days": 1, "mo   │
│    rning": {"enabled": true, "start": "08:00:00", "end": "11:00:00"}, "lu   │
│    nch": {"enabled": true, "start": "11:30:00", "end": "13:00:00"}, "afte   │
│    rnoon": {"enabled": true, "start": "13:30:00", "end": "17:00:00"}, "di   │
│    nner": {"enabled": true, "start": "18:00:00", "end": "19:30:00"}, "eve   │
│    ning": {"enabled": true, "start": "19:30:00", "end": "22:00:00"}}        │
├──────────────────────────────────────────────────────────────────────────────┤
│ 📤 OUTPUT:                                                                   │
│    Status Code: 200                                                         │
│    Số ngày trả về: 1                                                         │
│    morning: 3 địa điểm                                                       │
│    lunch: 1 địa điểm                                                         │
│    afternoon: 2 địa điểm                                                     │
│    dinner: 1 địa điểm                                                        │
│    evening: 1 địa điểm                                                       │
├──────────────────────────────────────────────────────────────────────────────┤
│ ✅ EXPECTED:                                                                 │
│    Status 200, trả về đúng 1 ngày                                           │
│ 📊 ACTUAL:                                                                   │
│    Status 200, trả về 1 ngày                                                │
└──────────────────────────────────────────────────────────────────────────────┘
PASSED
tests/test_trip_recommend.py::test_boundary_case_num_days_5 

┌──────────────────────────────────────────────────────────────────────────────┐
│ BOUNDARY CASE - N = 5                                                        │
├──────────────────────────────────────────────────────────────────────────────┤
│ Test: num_days = 5 (giá trị trung bình)                                      │
├──────────────────────────────────────────────────────────────────────────────┤
│ 📥 INPUT:                                                                    │
│    {"city": "Hồ Chí Minh", "start_date": "2025-12-09", "num_days": 5, "mo   │
│    rning": {"enabled": true, "start": "08:00:00", "end": "11:00:00"}, "lu   │
│    nch": {"enabled": true, "start": "11:30:00", "end": "13:00:00"}, "afte   │
│    rnoon": {"enabled": true, "start": "13:30:00", "end": "17:00:00"}, "di   │
│    nner": {"enabled": true, "start": "18:00:00", "end": "19:30:00"}, "eve   │
│    ning": {"enabled": true, "start": "19:30:00", "end": "22:00:00"}}        │
├──────────────────────────────────────────────────────────────────────────────┤
│ 📤 OUTPUT:                                                                   │
│    Status Code: 200                                                         │
│    Số ngày trả về: 5                                                         │
│    morning: 3 địa điểm                                                       │
│    lunch: 1 địa điểm                                                         │
│    afternoon: 1 địa điểm                                                     │
│    dinner: 1 địa điểm                                                        │
│    evening: 1 địa điểm                                                       │
├──────────────────────────────────────────────────────────────────────────────┤
│ ✅ EXPECTED:                                                                 │
│    Status 200, trả về đúng 5 ngày                                           │
│ 📊 ACTUAL:                                                                   │
│    Status 200, trả về 5 ngày                                                │
└──────────────────────────────────────────────────────────────────────────────┘
PASSED
tests/test_trip_recommend.py::test_boundary_case_num_days_7 

┌──────────────────────────────────────────────────────────────────────────────┐
│ BOUNDARY CASE - N = 7                                                        │
├──────────────────────────────────────────────────────────────────────────────┤
│ Test: num_days = 7 (1 tuần)                                                  │
├──────────────────────────────────────────────────────────────────────────────┤
│ 📥 INPUT:                                                                    │
│    {"city": "Hồ Chí Minh", "start_date": "2025-12-09", "num_days": 7, "mo   │
│    rning": {"enabled": true, "start": "08:00:00", "end": "11:00:00"}, "lu   │
│    nch": {"enabled": true, "start": "11:30:00", "end": "13:00:00"}, "afte   │
│    rnoon": {"enabled": true, "start": "13:30:00", "end": "17:00:00"}, "di   │
│    nner": {"enabled": true, "start": "18:00:00", "end": "19:30:00"}, "eve   │
│    ning": {"enabled": true, "start": "19:30:00", "end": "22:00:00"}}        │
├──────────────────────────────────────────────────────────────────────────────┤
│ 📤 OUTPUT:                                                                   │
│    Status Code: 200                                                         │
│    Số ngày trả về: 7                                                         │
│    morning: 3 địa điểm                                                       │
│    lunch: 1 địa điểm                                                         │
│    afternoon: 3 địa điểm                                                     │
│    dinner: 1 địa điểm                                                        │
│    evening: 1 địa điểm                                                       │
├──────────────────────────────────────────────────────────────────────────────┤
│ ✅ EXPECTED:                                                                 │
│    Status 200, trả về đúng 7 ngày                                           │
│ 📊 ACTUAL:                                                                   │
│    Status 200, trả về 7 ngày                                                │
└──────────────────────────────────────────────────────────────────────────────┘
PASSED
tests/test_trip_recommend.py::test_boundary_case_num_days_30 

┌──────────────────────────────────────────────────────────────────────────────┐
│ BOUNDARY CASE - N = 30 (MAX)                                                 │
├──────────────────────────────────────────────────────────────────────────────┤
│ Test: num_days = 30 (giá trị tối đa)                                         │
├──────────────────────────────────────────────────────────────────────────────┤
│ 📥 INPUT:                                                                    │
│    {"city": "Hồ Chí Minh", "start_date": "2025-12-09", "num_days": 30, "m   │
│    orning": {"enabled": true, "start": "08:00:00", "end": "11:00:00"}, "l   │
│    unch": {"enabled": true, "start": "11:30:00", "end": "13:00:00"}, "aft   │
│    ernoon": {"enabled": true, "start": "13:30:00", "end": "17:00:00"}, "d   │
│    inner": {"enabled": true, "start": "18:00:00", "end": "19:30:00"}, "ev   │
│    ening": {"enabled": true, "start": "19:30:00", "end": "22:00:00"}}       │
├──────────────────────────────────────────────────────────────────────────────┤
│ 📤 OUTPUT:                                                                   │
│    Status Code: 200                                                         │
│    Số ngày trả về: 30                                                        │
│    morning: 3 địa điểm                                                       │
│    lunch: 1 địa điểm                                                         │
│    afternoon: 1 địa điểm                                                     │
│    dinner: 1 địa điểm                                                        │
│    evening: 1 địa điểm                                                       │
├──────────────────────────────────────────────────────────────────────────────┤
│ ✅ EXPECTED:                                                                 │
│    Status 200, trả về đúng 30 ngày                                          │
│ 📊 ACTUAL:                                                                   │
│    Status 200, trả về 30 ngày                                               │
└──────────────────────────────────────────────────────────────────────────────┘
PASSED
tests/test_trip_recommend.py::test_boundary_case_num_days_0 

┌──────────────────────────────────────────────────────────────────────────────┐
│ BOUNDARY CASE - N = 0 (INVALID)                                              │
├──────────────────────────────────────────────────────────────────────────────┤
│ Test: num_days = 0 (dưới giá trị tối thiểu)                                  │
├──────────────────────────────────────────────────────────────────────────────┤
│ 📥 INPUT:                                                                    │
│    {"city": "Hồ Chí Minh", "start_date": "2025-12-09", "num_days": 0, "mo   │
│    rning": {"enabled": true, "start": "08:00:00", "end": "11:00:00"}, "lu   │
│    nch": {"enabled": true, "start": "11:30:00", "end": "13:00:00"}, "afte   │
│    rnoon": {"enabled": true, "start": "13:30:00", "end": "17:00:00"}, "di   │
│    nner": {"enabled": true, "start": "18:00:00", "end": "19:30:00"}, "eve   │
│    ning": {"enabled": true, "start": "19:30:00", "end": "22:00:00"}}        │
├──────────────────────────────────────────────────────────────────────────────┤
│ 📤 OUTPUT:                                                                   │
│    Status Code: 422                                                         │
│    Error: Input should be greater than or equal to 1                        │
├──────────────────────────────────────────────────────────────────────────────┤
│ ✅ EXPECTED:                                                                 │
│    Status 422, validation error                                             │
│ 📊 ACTUAL:                                                                   │
│    Status 422                                                               │
└──────────────────────────────────────────────────────────────────────────────┘
PASSED
tests/test_trip_recommend.py::test_boundary_case_num_days_31 

┌──────────────────────────────────────────────────────────────────────────────┐
│ BOUNDARY CASE - N = 31 (INVALID)                                             │
├──────────────────────────────────────────────────────────────────────────────┤
│ Test: num_days = 31 (trên giá trị tối đa)                                    │
├──────────────────────────────────────────────────────────────────────────────┤
│ 📥 INPUT:                                                                    │
│    {"city": "Hồ Chí Minh", "start_date": "2025-12-09", "num_days": 31, "m   │
│    orning": {"enabled": true, "start": "08:00:00", "end": "11:00:00"}, "l   │
│    unch": {"enabled": true, "start": "11:30:00", "end": "13:00:00"}, "aft   │
│    ernoon": {"enabled": true, "start": "13:30:00", "end": "17:00:00"}, "d   │
│    inner": {"enabled": true, "start": "18:00:00", "end": "19:30:00"}, "ev   │
│    ening": {"enabled": true, "start": "19:30:00", "end": "22:00:00"}}       │
├──────────────────────────────────────────────────────────────────────────────┤
│ 📤 OUTPUT:                                                                   │
│    Status Code: 422                                                         │
│    Error: Input should be less than or equal to 30                          │
├──────────────────────────────────────────────────────────────────────────────┤
│ ✅ EXPECTED:                                                                 │
│    Status 422, validation error                                             │
│ 📊 ACTUAL:                                                                   │
│    Status 422                                                               │
└──────────────────────────────────────────────────────────────────────────────┘
PASSED
tests/test_trip_recommend.py::test_stress_test_20_requests 

┌──────────────────────────────────────────────────────────────────────────────┐
│ STRESS TEST - N LỚN                                                         │
├──────────────────────────────────────────────────────────────────────────────┤
│ Test: Gửi 20 requests liên tục                                              │
├──────────────────────────────────────────────────────────────────────────────┤
│ 📥 INPUT:                                                                    │
│    Request: {"city": "Hồ Chí Minh", "start_date": "2025-12-09", "num_days": 1, "morning": {"enabled": true, "start": "08:00:00", "end": "11:00:00"}, "lunch": {"enabled": true, "start": "11:30:00", "end": "13:00:00"}, "afternoon": {"enabled": true, "start": "13:30:00", "end": "17:00:00"}, "dinner": {"enabled": true, "start": "18:00:00", "end": "19:30:00"}, "evening": {"enabled": true, "start": "19:30:00", "end": "22:00:00"}} │
│    Số lần gửi: 20                                                           │
├──────────────────────────────────────────────────────────────────────────────┤
│ 📤 OUTPUT:                                                                   │
│    Request #01: Status 200 ✓                                                          │
│    Request #02: Status 200 ✓                                                          │
│    Request #03: Status 200 ✓                                                          │
│    Request #04: Status 200 ✓                                                          │
│    Request #05: Status 200 ✓                                                          │
│    ... (đang chạy requests 6-18) ...                                        │
│    Request #19: Status 200 ✓                                                          │
│    Request #20: Status 200 ✓                                                          │
├──────────────────────────────────────────────────────────────────────────────┤
│ ✅ EXPECTED:                                                                 │
│    Tất cả 20 requests trả về Status 200                                     │
│ 📊 ACTUAL:                                                                   │
│    Thành công: 20/20, Thất bại: 0/20                                     │
└──────────────────────────────────────────────────────────────────────────────┘
PASSED
tests/test_trip_recommend.py::test_stress_test_large_num_days 

┌──────────────────────────────────────────────────────────────────────────────┐
│ STRESS TEST - N LỚN (30 NGÀY)                                               │
├──────────────────────────────────────────────────────────────────────────────┤
│ Test: Request với 30 ngày, max 3 địa điểm/block                             │
├──────────────────────────────────────────────────────────────────────────────┤
│ 📥 INPUT:                                                                    │
│    num_days: 30, max_places_per_block: 3                                   │
├──────────────────────────────────────────────────────────────────────────────┤
│ 📤 OUTPUT:                                                                   │
│    Status Code: 200                                                         │
│    Số ngày: 30                                                               │
│    Tổng địa điểm: 54                                                         │
│    Thời gian xử lý: 0.07s                                                       │
├──────────────────────────────────────────────────────────────────────────────┤
│ ✅ EXPECTED:                                                                 │
│    Status 200, trả về 30 ngày trong thời gian hợp lý                        │
└──────────────────────────────────────────────────────────────────────────────┘
PASSED
tests/test_trip_recommend.py::test_error_case_city_empty 

┌──────────────────────────────────────────────────────────────────────────────┐
│ ERROR CASE - CITY TRỐNG                                                      │
├──────────────────────────────────────────────────────────────────────────────┤
│ Test: city = '' (chuỗi rỗng)                                                 │
├──────────────────────────────────────────────────────────────────────────────┤
│ 📥 INPUT:                                                                    │
│    {"city": "", "start_date": "2025-12-09", "num_days": 1}                  │
├──────────────────────────────────────────────────────────────────────────────┤
│ 📤 OUTPUT:                                                                   │
│    Status Code: 200                                                         │
│    Số ngày trả về: 1                                                         │
├──────────────────────────────────────────────────────────────────────────────┤
│ ✅ EXPECTED:                                                                 │
│    Trả về lỗi hoặc data rỗng                                                │
│ 📊 ACTUAL:                                                                   │
│    Status 200                                                               │
└──────────────────────────────────────────────────────────────────────────────┘
PASSED
tests/test_trip_recommend.py::test_error_case_city_missing 

┌──────────────────────────────────────────────────────────────────────────────┐
│ ERROR CASE - THIẾU CITY                                                      │
├──────────────────────────────────────────────────────────────────────────────┤
│ Test: Không có trường city trong request                                     │
├──────────────────────────────────────────────────────────────────────────────┤
│ 📥 INPUT:                                                                    │
│    {"start_date": "2025-12-09", "num_days": 1}                              │
├──────────────────────────────────────────────────────────────────────────────┤
│ 📤 OUTPUT:                                                                   │
│    Status Code: 422                                                         │
│    Error: Field required                                                    │
├──────────────────────────────────────────────────────────────────────────────┤
│ ✅ EXPECTED:                                                                 │
│    Status 422, validation error (missing field)                             │
│ 📊 ACTUAL:                                                                   │
│    Status 422                                                               │
└──────────────────────────────────────────────────────────────────────────────┘
PASSED
tests/test_trip_recommend.py::test_error_case_city_not_exist 

┌──────────────────────────────────────────────────────────────────────────────┐
│ ERROR CASE - CITY KHÔNG CÓ DỮ LIỆU                                           │
├──────────────────────────────────────────────────────────────────────────────┤
│ Test: city = 'Tokyo' (không có trong database)                               │
├──────────────────────────────────────────────────────────────────────────────┤
│ 📥 INPUT:                                                                    │
│    {"city": "Tokyo", "start_date": "2025-12-09", "num_days": 1}             │
├──────────────────────────────────────────────────────────────────────────────┤
│ 📤 OUTPUT:                                                                   │
│    Status Code: 200                                                         │
│    Số ngày trả về: 1                                                         │
├──────────────────────────────────────────────────────────────────────────────┤
│ ✅ EXPECTED:                                                                 │
│    Trả về lịch trình rỗng hoặc lỗi                                          │
│ 📊 ACTUAL:                                                                   │
│    Status 200, có dữ liệu: False                                            │
└──────────────────────────────────────────────────────────────────────────────┘
PASSED
tests/test_trip_recommend.py::test_error_case_invalid_date_format 

┌──────────────────────────────────────────────────────────────────────────────┐
│ ERROR CASE - ĐỊNH DẠNG NGÀY SAI                                              │
├──────────────────────────────────────────────────────────────────────────────┤
│ Test: start_date = '08-12-2025' (DD-MM-YYYY thay vì YYYY-MM-DD)              │
├──────────────────────────────────────────────────────────────────────────────┤
│ 📥 INPUT:                                                                    │
│    {"city": "Hồ Chí Minh", "start_date": "08-12-2025", "num_days": 1}       │
├──────────────────────────────────────────────────────────────────────────────┤
│ 📤 OUTPUT:                                                                   │
│    Status Code: 422                                                         │
│    Error: Input should be a valid date or datetime, invalid character       │
├──────────────────────────────────────────────────────────────────────────────┤
│ ✅ EXPECTED:                                                                 │
│    Status 422, validation error (invalid date format)                       │
│ 📊 ACTUAL:                                                                   │
│    Status 422                                                               │
└──────────────────────────────────────────────────────────────────────────────┘
PASSED
tests/test_trip_recommend.py::test_error_case_missing_start_date 

┌──────────────────────────────────────────────────────────────────────────────┐
│ ERROR CASE - THIẾU START_DATE                                                │
├──────────────────────────────────────────────────────────────────────────────┤
│ Test: Không có trường start_date trong request                               │
├──────────────────────────────────────────────────────────────────────────────┤
│ 📥 INPUT:                                                                    │
│    {"city": "Hồ Chí Minh", "num_days": 1}                                   │
├──────────────────────────────────────────────────────────────────────────────┤
│ 📤 OUTPUT:                                                                   │
│    Status Code: 422                                                         │
│    Error: Field required                                                    │
├──────────────────────────────────────────────────────────────────────────────┤
│ ✅ EXPECTED:                                                                 │
│    Status 422, validation error (missing field)                             │
│ 📊 ACTUAL:                                                                   │
│    Status 422                                                               │
└──────────────────────────────────────────────────────────────────────────────┘
PASSED
tests/test_trip_recommend.py::test_response_has_all_blocks 

┌──────────────────────────────────────────────────────────────────────────────┐
│ RESPONSE STRUCTURE                                                           │
├──────────────────────────────────────────────────────────────────────────────┤
│ Test: Kiểm tra response có đủ 5 blocks                                       │
├──────────────────────────────────────────────────────────────────────────────┤
│ 📥 INPUT:                                                                    │
│    {"city": "Hồ Chí Minh", "start_date": "2025-12-09", "num_days": 1, "mo   │
│    rning": {"enabled": true, "start": "08:00:00", "end": "11:00:00"}, "lu   │
│    nch": {"enabled": true, "start": "11:30:00", "end": "13:00:00"}, "afte   │
│    rnoon": {"enabled": true, "start": "13:30:00", "end": "17:00:00"}, "di   │
│    nner": {"enabled": true, "start": "18:00:00", "end": "19:30:00"}, "eve   │
│    ning": {"enabled": true, "start": "19:30:00", "end": "22:00:00"}}        │
├──────────────────────────────────────────────────────────────────────────────┤
│ 📤 OUTPUT:                                                                   │
│    Status Code: 200                                                         │
│    Số ngày trả về: 1                                                         │
│    morning: 3 địa điểm                                                       │
│    lunch: 1 địa điểm                                                         │
│    afternoon: 3 địa điểm                                                     │
│    dinner: 1 địa điểm                                                        │
│    evening: 1 địa điểm                                                       │
├──────────────────────────────────────────────────────────────────────────────┤
│ ✅ EXPECTED:                                                                 │
│    Có đủ: ['morning', 'lunch', 'afternoon', 'dinner', 'evening']            │
│ 📊 ACTUAL:                                                                   │
│    Thực tế: ['morning', 'lunch', 'afternoon', 'dinner', 'evening']          │
└──────────────────────────────────────────────────────────────────────────────┘
PASSED
tests/test_trip_recommend.py::test_response_has_cost_summary 

┌──────────────────────────────────────────────────────────────────────────────┐
│ RESPONSE STRUCTURE                                                           │
├──────────────────────────────────────────────────────────────────────────────┤
│ Test: Kiểm tra cost_summary có đủ fields                                     │
├──────────────────────────────────────────────────────────────────────────────┤
│ 📥 INPUT:                                                                    │
│    {"city": "Hồ Chí Minh", "start_date": "2025-12-09", "num_days": 1, "mo   │
│    rning": {"enabled": true, "start": "08:00:00", "end": "11:00:00"}, "lu   │
│    nch": {"enabled": true, "start": "11:30:00", "end": "13:00:00"}, "afte   │
│    rnoon": {"enabled": true, "start": "13:30:00", "end": "17:00:00"}, "di   │
│    nner": {"enabled": true, "start": "18:00:00", "end": "19:30:00"}, "eve   │
│    ning": {"enabled": true, "start": "19:30:00", "end": "22:00:00"}}        │
├──────────────────────────────────────────────────────────────────────────────┤
│ 📤 OUTPUT:                                                                   │
│    Status Code: 200                                                         │
│    Số ngày trả về: 1                                                         │
│    morning: 3 địa điểm                                                       │
│    lunch: 1 địa điểm                                                         │
│    afternoon: 3 địa điểm                                                     │
│    dinner: 1 địa điểm                                                        │
│    evening: 1 địa điểm                                                       │
├──────────────────────────────────────────────────────────────────────────────┤
│ ✅ EXPECTED:                                                                 │
│    Có: total_attraction_cost_vnd, total_trip_cost_vnd                       │
│ 📊 ACTUAL:                                                                   │
│    Thực tế: ['total_attraction_cost_vnd', 'total_trip_cost_vnd']            │
└──────────────────────────────────────────────────────────────────────────────┘
PASSED
tests/test_trip_recommend.py::test_no_duplicate_places_in_day 

┌──────────────────────────────────────────────────────────────────────────────┐
│ BUSINESS LOGIC                                                               │
├──────────────────────────────────────────────────────────────────────────────┤
│ Test: Kiểm tra không có địa điểm trùng lặp trong ngày                        │
├──────────────────────────────────────────────────────────────────────────────┤
│ 📥 INPUT:                                                                    │
│    {"city": "Hồ Chí Minh", "start_date": "2025-12-09", "num_days": 1, "mo   │
│    rning": {"enabled": true, "start": "08:00:00", "end": "11:00:00"}, "lu   │
│    nch": {"enabled": true, "start": "11:30:00", "end": "13:00:00"}, "afte   │
│    rnoon": {"enabled": true, "start": "13:30:00", "end": "17:00:00"}, "di   │
│    nner": {"enabled": true, "start": "18:00:00", "end": "19:30:00"}, "eve   │
│    ning": {"enabled": true, "start": "19:30:00", "end": "22:00:00"}}        │
├──────────────────────────────────────────────────────────────────────────────┤
│ 📤 OUTPUT:                                                                   │
│    Status Code: 200                                                         │
│    Số ngày trả về: 1                                                         │
│    morning: 3 địa điểm                                                       │
│    lunch: 1 địa điểm                                                         │
│    afternoon: 2 địa điểm                                                     │
│    dinner: 1 địa điểm                                                        │
│    evening: 1 địa điểm                                                       │
├──────────────────────────────────────────────────────────────────────────────┤
│ ✅ EXPECTED:                                                                 │
│    Không có địa điểm trùng lặp                                              │
│ 📊 ACTUAL:                                                                   │
│    Có trùng lặp: False                                                      │
└──────────────────────────────────────────────────────────────────────────────┘
PASSED
tests/test_trip_recommend.py::test_case_1_3day_full_schedule 
====================================================================================================
  CASE 1: 3-DAY TRIP - FULL SCHEDULE
====================================================================================================

================================================================================
  CASE 1: 3-DAY TRIP - FULL SCHEDULE
================================================================================

Ngày   Morning  Lunch  Afternoon  Dinner   Evening  Tổng   Travel       Dist(km)   Cost           
────────────────────────────────────────────────────────────────────────────────
1      3        1      2          1        1        8      123m         10.2       1650k
2      2        1      1          1        1        6      106m         8.8       1340k
3      1        1      2          1        0        5      154m         12.8       480k
────────────────────────────────────────────────────────────────────────────────
TỔNG                                                19     383m         31.8       3470k
────────────────────────────────────────────────────────────────────────────────
PASSED
tests/test_trip_recommend.py::test_case_2_3day_partial_schedule 
====================================================================================================
  CASE 2: 3-DAY TRIP - PARTIAL SCHEDULE
====================================================================================================

================================================================================
  CASE 2: 3-DAY TRIP - PARTIAL SCHEDULE
================================================================================

Ngày   Morning  Lunch  Afternoon  Dinner   Evening  Tổng   Travel       Dist(km)   Cost           
────────────────────────────────────────────────────────────────────────────────
1      3        1      2          0        0        6      72m         6.0       450k
2      2        1      1          0        0        4      24m         1.9       640k
3      1        1      2          0        0        4      138m         11.4       230k
────────────────────────────────────────────────────────────────────────────────
TỔNG                                                14     234m         19.3       1320k
────────────────────────────────────────────────────────────────────────────────

✅ KIỂM TRA: Disabled slots phải trống
   ✅ PASS - dinner và evening đều = 0 địa điểm
✅ KIỂM TRA: Max distance = 4.90 km (max cho phép: 5.0 km)
PASSED
tests/test_trip_recommend.py::test_case_3_1day_many_preferences 
====================================================================================================
  CASE 3: 1-DAY TRIP - MANY PREFERENCES
====================================================================================================

================================================================================
  CASE 3: 1-DAY TRIP - MANY PREFERENCES
================================================================================

Ngày   Morning  Lunch  Afternoon  Dinner   Evening  Tổng   Travel       Dist(km)   Cost           
────────────────────────────────────────────────────────────────────────────────
1      3        1      2          1        1        8      95m         7.8       1400k
────────────────────────────────────────────────────────────────────────────────
TỔNG                                                8      95m         7.8       1400k
────────────────────────────────────────────────────────────────────────────────

📊 PHÂN TÍCH: 8 địa điểm ✅ Hợp lý
   Gaps >1h: 1, Tỷ lệ: 6 tham quan / 2 ăn uống
PASSED
tests/test_trip_recommend.py::test_print_all_summaries 
========================================================================================================================
  BẢNG TỔNG HỢP TEST PLAN - TRIP RECOMMENDATION
========================================================================================================================

────────────────────────────────────────────────────────────────────────────────────────────────────────────────────────
Loại case                      Mô tả                                              Dữ liệu đầu vào                         
────────────────────────────────────────────────────────────────────────────────────────────────────────────────────────
Normal Case                    3-day trip - Full schedule                         city=HCM, num_days=3, all slots enabled 
Normal Case                    3-day trip - Partial schedule                      city=HCM, num_days=3, morning+afternoon only
Boundary Case                  1-day trip - Many preferences                      city=HCM, num_days=1, 5 preferred_tags  
────────────────────────────────────────────────────────────────────────────────────────────────────────────────────────

========================================================================================================================
  BẢNG KẾT QUẢ CHI TIẾT THEO TEST CASE
========================================================================================================================

────────────────────────────────────────────────────────────────────────────────────────────────────────────────────────
Test Case            Số ngày    Tổng địa điểm   Travel Time     Travel Dist (km)   Cost (VND)          
────────────────────────────────────────────────────────────────────────────────────────────────────────────────────────
Case 1: Full Schedule 3          22              331 phút (5.52h) 27.43              3,120,000           
Case 2: Partial Schedule 3          14              196 phút (3.27h) 16.21              930,000             
Case 3: Many Preferences 1          8               63 phút (1.05h) 5.24               1,750,000           
────────────────────────────────────────────────────────────────────────────────────────────────────────────────────────

========================================================================================================================
  PHÂN TÍCH THEO NGÀY - CASE 1 (FULL SCHEDULE)
========================================================================================================================

────────────────────────────────────────────────────────────────────────────────────────────────────────────────────────
Ngày     Morning    Lunch    Afternoon    Dinner     Evening    Tổng     Cost/ngày      
────────────────────────────────────────────────────────────────────────────────────────────────────────────────────────
1        3          1        3            1          1          9        630,000        
2        1          1        2            1          1          6        1,240,000      
3        2          1        2            1          1          7        1,250,000      
────────────────────────────────────────────────────────────────────────────────────────────────────────────────────────

========================================================================================================================
  KIỂM TRA BUSINESS RULES
========================================================================================================================

────────────────────────────────────────────────────────────────────────────────────────────────────────────────────────
Business Rule                            Test Case            Kết quả                                                     
────────────────────────────────────────────────────────────────────────────────────────────────────────────────────────
Disabled slots phải trống                Case 2               ✅ PASS - dinner và evening đều = 0 địa điểm                 
Travel distance không vượt max_leg_distance_km Case 2               ✅ PASS - max distance = 4.56 km < 5.0 km                    
Không có địa điểm trùng lặp trong ngày   All cases            ✅ PASS - không có duplicate                                 
Số lượng địa điểm hợp lý (5-15/ngày)     Case 3               ✅ PASS - 8 địa điểm trong 1 ngày                            
Thứ tự thời gian hợp lý                  Case 3               ⚠️  WARNING - có 1 gap >1 giờ (68 phút)                     
────────────────────────────────────────────────────────────────────────────────────────────────────────────────────────
PASSED
tests/test_trip_recommend.py::test_ai_scoring_with_preferred_tags 
✅ AI SCORING: 3/5 visit places match tags (60.0%)
   Preferred tags: ['Tham quan', 'Di tích lịch sử', 'Ngắm cảnh']
   Matched places: Bến Nhà Rồng - Bảo tàng Hồ Chí Minh, Bitexco Tower, Bảo tàng Chứng tích Chiến tranh
PASSED
tests/test_trip_recommend.py::test_time_overlap_detection 
================================================================================
  TC12: TIME OVERLAP DETECTION
================================================================================

📊 KẾT QUẢ KIỂM TRA:
   Tổng số overlaps: 0
   ✅ PASS - Không có overlap thời gian
PASSED

============================= 25 passed in 7.84s ==============================
